<?xml version="1.0" encoding="UTF-8"?>
<!-- Generated by org.testng.reporters.JUnitReportReporter -->
<testsuite skipped="0" hostname="athithan-7130" name="com.shiksha.testModules.DocumentationLinksValidation" tests="1" failures="0" timestamp="28 Jul 2019 20:20:30 GMT" time="7.959" errors="0">
  <testcase name="validateDocumentationLinks" time="7.959" classname="com.shiksha.testModules.DocumentationLinksValidation"/>
</testsuite> <!-- com.shiksha.testModules.DocumentationLinksValidation -->
